<?xml version="1.0" encoding="UTF-8"?>
<testsuite xmlns:xsi="http://www.w3.org/2001/XMLSchema-instance" xsi:noNamespaceSchemaLocation="https://maven.apache.org/surefire/maven-surefire-plugin/xsd/surefire-test-report-3.0.xsd" version="3.0" name="com.testleaf.tests.TestFactoryPool" time="0.001" tests="0" errors="0" skipped="0" failures="0">
  <properties>
    <property name="java.specification.version" value="17"/>
    <property name="sun.cpu.isalist" value="amd64"/>
    <property name="sun.jnu.encoding" value="Cp1252"/>
    <property name="java.class.path" value="F:\Workspace\Assignments\core-utilities\target\test-classes;F:\Workspace\Assignments\core-utilities\target\classes;C:\Users\rames\.m2\repository\org\testleaf\core-interfaces\1.0.4\core-interfaces-1.0.4.jar;C:\Users\rames\.m2\repository\org\testleaf\selenium-core\1.0.4\selenium-core-1.0.4.jar;C:\Users\rames\.m2\repository\org\seleniumhq\selenium\selenium-java\4.26.0\selenium-java-4.26.0.jar;C:\Users\rames\.m2\repository\org\seleniumhq\selenium\selenium-api\4.26.0\selenium-api-4.26.0.jar;C:\Users\rames\.m2\repository\org\jspecify\jspecify\1.0.0\jspecify-1.0.0.jar;C:\Users\rames\.m2\repository\org\seleniumhq\selenium\selenium-chrome-driver\4.26.0\selenium-chrome-driver-4.26.0.jar;C:\Users\rames\.m2\repository\com\google\auto\service\auto-service-annotations\1.1.1\auto-service-annotations-1.1.1.jar;C:\Users\rames\.m2\repository\org\seleniumhq\selenium\selenium-chromium-driver\4.26.0\selenium-chromium-driver-4.26.0.jar;C:\Users\rames\.m2\repository\org\seleniumhq\selenium\selenium-json\4.26.0\selenium-json-4.26.0.jar;C:\Users\rames\.m2\repository\org\seleniumhq\selenium\selenium-manager\4.26.0\selenium-manager-4.26.0.jar;C:\Users\rames\.m2\repository\org\seleniumhq\selenium\selenium-devtools-v128\4.26.0\selenium-devtools-v128-4.26.0.jar;C:\Users\rames\.m2\repository\org\seleniumhq\selenium\selenium-devtools-v129\4.26.0\selenium-devtools-v129-4.26.0.jar;C:\Users\rames\.m2\repository\org\seleniumhq\selenium\selenium-devtools-v130\4.26.0\selenium-devtools-v130-4.26.0.jar;C:\Users\rames\.m2\repository\org\seleniumhq\selenium\selenium-devtools-v85\4.26.0\selenium-devtools-v85-4.26.0.jar;C:\Users\rames\.m2\repository\org\seleniumhq\selenium\selenium-edge-driver\4.26.0\selenium-edge-driver-4.26.0.jar;C:\Users\rames\.m2\repository\org\seleniumhq\selenium\selenium-firefox-driver\4.26.0\selenium-firefox-driver-4.26.0.jar;C:\Users\rames\.m2\repository\org\seleniumhq\selenium\selenium-http\4.26.0\selenium-http-4.26.0.jar;C:\Users\rames\.m2\repository\dev\failsafe\failsafe\3.3.2\failsafe-3.3.2.jar;C:\Users\rames\.m2\repository\org\seleniumhq\selenium\selenium-ie-driver\4.26.0\selenium-ie-driver-4.26.0.jar;C:\Users\rames\.m2\repository\org\seleniumhq\selenium\selenium-remote-driver\4.26.0\selenium-remote-driver-4.26.0.jar;C:\Users\rames\.m2\repository\com\google\guava\guava\33.3.1-jre\guava-33.3.1-jre.jar;C:\Users\rames\.m2\repository\com\google\guava\failureaccess\1.0.2\failureaccess-1.0.2.jar;C:\Users\rames\.m2\repository\com\google\guava\listenablefuture\9999.0-empty-to-avoid-conflict-with-guava\listenablefuture-9999.0-empty-to-avoid-conflict-with-guava.jar;C:\Users\rames\.m2\repository\com\google\code\findbugs\jsr305\3.0.2\jsr305-3.0.2.jar;C:\Users\rames\.m2\repository\org\checkerframework\checker-qual\3.43.0\checker-qual-3.43.0.jar;C:\Users\rames\.m2\repository\com\google\j2objc\j2objc-annotations\3.0.0\j2objc-annotations-3.0.0.jar;C:\Users\rames\.m2\repository\io\opentelemetry\semconv\opentelemetry-semconv\1.25.0-alpha\opentelemetry-semconv-1.25.0-alpha.jar;C:\Users\rames\.m2\repository\io\opentelemetry\opentelemetry-api\1.43.0\opentelemetry-api-1.43.0.jar;C:\Users\rames\.m2\repository\io\opentelemetry\opentelemetry-context\1.43.0\opentelemetry-context-1.43.0.jar;C:\Users\rames\.m2\repository\io\opentelemetry\opentelemetry-exporter-logging\1.43.0\opentelemetry-exporter-logging-1.43.0.jar;C:\Users\rames\.m2\repository\io\opentelemetry\opentelemetry-sdk-common\1.43.0\opentelemetry-sdk-common-1.43.0.jar;C:\Users\rames\.m2\repository\io\opentelemetry\opentelemetry-sdk-extension-autoconfigure-spi\1.43.0\opentelemetry-sdk-extension-autoconfigure-spi-1.43.0.jar;C:\Users\rames\.m2\repository\io\opentelemetry\opentelemetry-sdk-extension-autoconfigure\1.43.0\opentelemetry-sdk-extension-autoconfigure-1.43.0.jar;C:\Users\rames\.m2\repository\io\opentelemetry\opentelemetry-api-incubator\1.43.0-alpha\opentelemetry-api-incubator-1.43.0-alpha.jar;C:\Users\rames\.m2\repository\io\opentelemetry\opentelemetry-sdk-trace\1.43.0\opentelemetry-sdk-trace-1.43.0.jar;C:\Users\rames\.m2\repository\io\opentelemetry\opentelemetry-sdk\1.43.0\opentelemetry-sdk-1.43.0.jar;C:\Users\rames\.m2\repository\io\opentelemetry\opentelemetry-sdk-metrics\1.43.0\opentelemetry-sdk-metrics-1.43.0.jar;C:\Users\rames\.m2\repository\io\opentelemetry\opentelemetry-sdk-logs\1.43.0\opentelemetry-sdk-logs-1.43.0.jar;C:\Users\rames\.m2\repository\net\bytebuddy\byte-buddy\1.15.7\byte-buddy-1.15.7.jar;C:\Users\rames\.m2\repository\org\seleniumhq\selenium\selenium-os\4.26.0\selenium-os-4.26.0.jar;C:\Users\rames\.m2\repository\org\apache\commons\commons-exec\1.4.0\commons-exec-1.4.0.jar;C:\Users\rames\.m2\repository\org\seleniumhq\selenium\selenium-safari-driver\4.26.0\selenium-safari-driver-4.26.0.jar;C:\Users\rames\.m2\repository\org\seleniumhq\selenium\selenium-support\4.26.0\selenium-support-4.26.0.jar;C:\Users\rames\.m2\repository\com\google\code\gson\gson\2.11.0\gson-2.11.0.jar;C:\Users\rames\.m2\repository\com\google\errorprone\error_prone_annotations\2.27.0\error_prone_annotations-2.27.0.jar;C:\Users\rames\.m2\repository\org\testleaf\playwright-core\1.0.3\playwright-core-1.0.3.jar;C:\Users\rames\.m2\repository\com\microsoft\playwright\playwright\1.48.0\playwright-1.48.0.jar;C:\Users\rames\.m2\repository\org\opentest4j\opentest4j\1.3.0\opentest4j-1.3.0.jar;C:\Users\rames\.m2\repository\com\microsoft\playwright\driver\1.48.0\driver-1.48.0.jar;C:\Users\rames\.m2\repository\com\microsoft\playwright\driver-bundle\1.48.0\driver-bundle-1.48.0.jar;C:\Users\rames\.m2\repository\org\testleaf\rest-assured-core\1.0.2\rest-assured-core-1.0.2.jar;C:\Users\rames\.m2\repository\io\rest-assured\rest-assured\5.5.0\rest-assured-5.5.0.jar;C:\Users\rames\.m2\repository\org\apache\groovy\groovy\4.0.22\groovy-4.0.22.jar;C:\Users\rames\.m2\repository\org\apache\groovy\groovy-xml\4.0.22\groovy-xml-4.0.22.jar;C:\Users\rames\.m2\repository\org\apache\httpcomponents\httpclient\4.5.13\httpclient-4.5.13.jar;C:\Users\rames\.m2\repository\org\apache\httpcomponents\httpcore\4.4.13\httpcore-4.4.13.jar;C:\Users\rames\.m2\repository\commons-logging\commons-logging\1.2\commons-logging-1.2.jar;C:\Users\rames\.m2\repository\commons-codec\commons-codec\1.11\commons-codec-1.11.jar;C:\Users\rames\.m2\repository\org\apache\httpcomponents\httpmime\4.5.13\httpmime-4.5.13.jar;C:\Users\rames\.m2\repository\org\hamcrest\hamcrest\2.2\hamcrest-2.2.jar;C:\Users\rames\.m2\repository\org\ccil\cowan\tagsoup\tagsoup\1.2.1\tagsoup-1.2.1.jar;C:\Users\rames\.m2\repository\io\rest-assured\json-path\5.5.0\json-path-5.5.0.jar;C:\Users\rames\.m2\repository\org\apache\groovy\groovy-json\4.0.22\groovy-json-4.0.22.jar;C:\Users\rames\.m2\repository\io\rest-assured\rest-assured-common\5.5.0\rest-assured-common-5.5.0.jar;C:\Users\rames\.m2\repository\io\rest-assured\xml-path\5.5.0\xml-path-5.5.0.jar;C:\Users\rames\.m2\repository\org\apache\commons\commons-lang3\3.11\commons-lang3-3.11.jar;C:\Users\rames\.m2\repository\com\fasterxml\jackson\core\jackson-databind\2.15.2\jackson-databind-2.15.2.jar;C:\Users\rames\.m2\repository\com\fasterxml\jackson\core\jackson-annotations\2.15.2\jackson-annotations-2.15.2.jar;C:\Users\rames\.m2\repository\com\fasterxml\jackson\core\jackson-core\2.15.2\jackson-core-2.15.2.jar;"/>
    <property name="java.vm.vendor" value="Oracle Corporation"/>
    <property name="sun.arch.data.model" value="64"/>
    <property name="user.variant" value=""/>
    <property name="java.vendor.url" value="https://java.oracle.com/"/>
    <property name="user.timezone" value="America/Chicago"/>
    <property name="os.name" value="Windows 11"/>
    <property name="java.vm.specification.version" value="17"/>
    <property name="sun.java.launcher" value="SUN_STANDARD"/>
    <property name="user.country" value="US"/>
    <property name="sun.boot.library.path" value="C:\Program Files\Java\jdk-17\bin"/>
    <property name="sun.java.command" value="C:\Users\rames\AppData\Local\Temp\surefire16559523268288012651\surefirebooter-20241202204309179_3.jar C:\Users\rames\AppData\Local\Temp\surefire16559523268288012651 2024-12-02T20-43-08_891-jvmRun1 surefire-20241202204309179_1tmp surefire_0-20241202204309179_2tmp"/>
    <property name="jdk.debug" value="release"/>
    <property name="surefire.test.class.path" value="F:\Workspace\Assignments\core-utilities\target\test-classes;F:\Workspace\Assignments\core-utilities\target\classes;C:\Users\rames\.m2\repository\org\testleaf\core-interfaces\1.0.4\core-interfaces-1.0.4.jar;C:\Users\rames\.m2\repository\org\testleaf\selenium-core\1.0.4\selenium-core-1.0.4.jar;C:\Users\rames\.m2\repository\org\seleniumhq\selenium\selenium-java\4.26.0\selenium-java-4.26.0.jar;C:\Users\rames\.m2\repository\org\seleniumhq\selenium\selenium-api\4.26.0\selenium-api-4.26.0.jar;C:\Users\rames\.m2\repository\org\jspecify\jspecify\1.0.0\jspecify-1.0.0.jar;C:\Users\rames\.m2\repository\org\seleniumhq\selenium\selenium-chrome-driver\4.26.0\selenium-chrome-driver-4.26.0.jar;C:\Users\rames\.m2\repository\com\google\auto\service\auto-service-annotations\1.1.1\auto-service-annotations-1.1.1.jar;C:\Users\rames\.m2\repository\org\seleniumhq\selenium\selenium-chromium-driver\4.26.0\selenium-chromium-driver-4.26.0.jar;C:\Users\rames\.m2\repository\org\seleniumhq\selenium\selenium-json\4.26.0\selenium-json-4.26.0.jar;C:\Users\rames\.m2\repository\org\seleniumhq\selenium\selenium-manager\4.26.0\selenium-manager-4.26.0.jar;C:\Users\rames\.m2\repository\org\seleniumhq\selenium\selenium-devtools-v128\4.26.0\selenium-devtools-v128-4.26.0.jar;C:\Users\rames\.m2\repository\org\seleniumhq\selenium\selenium-devtools-v129\4.26.0\selenium-devtools-v129-4.26.0.jar;C:\Users\rames\.m2\repository\org\seleniumhq\selenium\selenium-devtools-v130\4.26.0\selenium-devtools-v130-4.26.0.jar;C:\Users\rames\.m2\repository\org\seleniumhq\selenium\selenium-devtools-v85\4.26.0\selenium-devtools-v85-4.26.0.jar;C:\Users\rames\.m2\repository\org\seleniumhq\selenium\selenium-edge-driver\4.26.0\selenium-edge-driver-4.26.0.jar;C:\Users\rames\.m2\repository\org\seleniumhq\selenium\selenium-firefox-driver\4.26.0\selenium-firefox-driver-4.26.0.jar;C:\Users\rames\.m2\repository\org\seleniumhq\selenium\selenium-http\4.26.0\selenium-http-4.26.0.jar;C:\Users\rames\.m2\repository\dev\failsafe\failsafe\3.3.2\failsafe-3.3.2.jar;C:\Users\rames\.m2\repository\org\seleniumhq\selenium\selenium-ie-driver\4.26.0\selenium-ie-driver-4.26.0.jar;C:\Users\rames\.m2\repository\org\seleniumhq\selenium\selenium-remote-driver\4.26.0\selenium-remote-driver-4.26.0.jar;C:\Users\rames\.m2\repository\com\google\guava\guava\33.3.1-jre\guava-33.3.1-jre.jar;C:\Users\rames\.m2\repository\com\google\guava\failureaccess\1.0.2\failureaccess-1.0.2.jar;C:\Users\rames\.m2\repository\com\google\guava\listenablefuture\9999.0-empty-to-avoid-conflict-with-guava\listenablefuture-9999.0-empty-to-avoid-conflict-with-guava.jar;C:\Users\rames\.m2\repository\com\google\code\findbugs\jsr305\3.0.2\jsr305-3.0.2.jar;C:\Users\rames\.m2\repository\org\checkerframework\checker-qual\3.43.0\checker-qual-3.43.0.jar;C:\Users\rames\.m2\repository\com\google\j2objc\j2objc-annotations\3.0.0\j2objc-annotations-3.0.0.jar;C:\Users\rames\.m2\repository\io\opentelemetry\semconv\opentelemetry-semconv\1.25.0-alpha\opentelemetry-semconv-1.25.0-alpha.jar;C:\Users\rames\.m2\repository\io\opentelemetry\opentelemetry-api\1.43.0\opentelemetry-api-1.43.0.jar;C:\Users\rames\.m2\repository\io\opentelemetry\opentelemetry-context\1.43.0\opentelemetry-context-1.43.0.jar;C:\Users\rames\.m2\repository\io\opentelemetry\opentelemetry-exporter-logging\1.43.0\opentelemetry-exporter-logging-1.43.0.jar;C:\Users\rames\.m2\repository\io\opentelemetry\opentelemetry-sdk-common\1.43.0\opentelemetry-sdk-common-1.43.0.jar;C:\Users\rames\.m2\repository\io\opentelemetry\opentelemetry-sdk-extension-autoconfigure-spi\1.43.0\opentelemetry-sdk-extension-autoconfigure-spi-1.43.0.jar;C:\Users\rames\.m2\repository\io\opentelemetry\opentelemetry-sdk-extension-autoconfigure\1.43.0\opentelemetry-sdk-extension-autoconfigure-1.43.0.jar;C:\Users\rames\.m2\repository\io\opentelemetry\opentelemetry-api-incubator\1.43.0-alpha\opentelemetry-api-incubator-1.43.0-alpha.jar;C:\Users\rames\.m2\repository\io\opentelemetry\opentelemetry-sdk-trace\1.43.0\opentelemetry-sdk-trace-1.43.0.jar;C:\Users\rames\.m2\repository\io\opentelemetry\opentelemetry-sdk\1.43.0\opentelemetry-sdk-1.43.0.jar;C:\Users\rames\.m2\repository\io\opentelemetry\opentelemetry-sdk-metrics\1.43.0\opentelemetry-sdk-metrics-1.43.0.jar;C:\Users\rames\.m2\repository\io\opentelemetry\opentelemetry-sdk-logs\1.43.0\opentelemetry-sdk-logs-1.43.0.jar;C:\Users\rames\.m2\repository\net\bytebuddy\byte-buddy\1.15.7\byte-buddy-1.15.7.jar;C:\Users\rames\.m2\repository\org\seleniumhq\selenium\selenium-os\4.26.0\selenium-os-4.26.0.jar;C:\Users\rames\.m2\repository\org\apache\commons\commons-exec\1.4.0\commons-exec-1.4.0.jar;C:\Users\rames\.m2\repository\org\seleniumhq\selenium\selenium-safari-driver\4.26.0\selenium-safari-driver-4.26.0.jar;C:\Users\rames\.m2\repository\org\seleniumhq\selenium\selenium-support\4.26.0\selenium-support-4.26.0.jar;C:\Users\rames\.m2\repository\com\google\code\gson\gson\2.11.0\gson-2.11.0.jar;C:\Users\rames\.m2\repository\com\google\errorprone\error_prone_annotations\2.27.0\error_prone_annotations-2.27.0.jar;C:\Users\rames\.m2\repository\org\testleaf\playwright-core\1.0.3\playwright-core-1.0.3.jar;C:\Users\rames\.m2\repository\com\microsoft\playwright\playwright\1.48.0\playwright-1.48.0.jar;C:\Users\rames\.m2\repository\org\opentest4j\opentest4j\1.3.0\opentest4j-1.3.0.jar;C:\Users\rames\.m2\repository\com\microsoft\playwright\driver\1.48.0\driver-1.48.0.jar;C:\Users\rames\.m2\repository\com\microsoft\playwright\driver-bundle\1.48.0\driver-bundle-1.48.0.jar;C:\Users\rames\.m2\repository\org\testleaf\rest-assured-core\1.0.2\rest-assured-core-1.0.2.jar;C:\Users\rames\.m2\repository\io\rest-assured\rest-assured\5.5.0\rest-assured-5.5.0.jar;C:\Users\rames\.m2\repository\org\apache\groovy\groovy\4.0.22\groovy-4.0.22.jar;C:\Users\rames\.m2\repository\org\apache\groovy\groovy-xml\4.0.22\groovy-xml-4.0.22.jar;C:\Users\rames\.m2\repository\org\apache\httpcomponents\httpclient\4.5.13\httpclient-4.5.13.jar;C:\Users\rames\.m2\repository\org\apache\httpcomponents\httpcore\4.4.13\httpcore-4.4.13.jar;C:\Users\rames\.m2\repository\commons-logging\commons-logging\1.2\commons-logging-1.2.jar;C:\Users\rames\.m2\repository\commons-codec\commons-codec\1.11\commons-codec-1.11.jar;C:\Users\rames\.m2\repository\org\apache\httpcomponents\httpmime\4.5.13\httpmime-4.5.13.jar;C:\Users\rames\.m2\repository\org\hamcrest\hamcrest\2.2\hamcrest-2.2.jar;C:\Users\rames\.m2\repository\org\ccil\cowan\tagsoup\tagsoup\1.2.1\tagsoup-1.2.1.jar;C:\Users\rames\.m2\repository\io\rest-assured\json-path\5.5.0\json-path-5.5.0.jar;C:\Users\rames\.m2\repository\org\apache\groovy\groovy-json\4.0.22\groovy-json-4.0.22.jar;C:\Users\rames\.m2\repository\io\rest-assured\rest-assured-common\5.5.0\rest-assured-common-5.5.0.jar;C:\Users\rames\.m2\repository\io\rest-assured\xml-path\5.5.0\xml-path-5.5.0.jar;C:\Users\rames\.m2\repository\org\apache\commons\commons-lang3\3.11\commons-lang3-3.11.jar;C:\Users\rames\.m2\repository\com\fasterxml\jackson\core\jackson-databind\2.15.2\jackson-databind-2.15.2.jar;C:\Users\rames\.m2\repository\com\fasterxml\jackson\core\jackson-annotations\2.15.2\jackson-annotations-2.15.2.jar;C:\Users\rames\.m2\repository\com\fasterxml\jackson\core\jackson-core\2.15.2\jackson-core-2.15.2.jar;"/>
    <property name="sun.cpu.endian" value="little"/>
    <property name="user.home" value="C:\Users\rames"/>
    <property name="user.language" value="en"/>
    <property name="java.specification.vendor" value="Oracle Corporation"/>
    <property name="java.version.date" value="2024-07-16"/>
    <property name="java.home" value="C:\Program Files\Java\jdk-17"/>
    <property name="file.separator" value="\"/>
    <property name="basedir" value="F:\Workspace\Assignments\core-utilities"/>
    <property name="java.vm.compressedOopsMode" value="Zero based"/>
    <property name="line.separator" value="&#10;"/>
    <property name="java.vm.specification.vendor" value="Oracle Corporation"/>
    <property name="java.specification.name" value="Java Platform API Specification"/>
    <property name="surefire.real.class.path" value="C:\Users\rames\AppData\Local\Temp\surefire16559523268288012651\surefirebooter-20241202204309179_3.jar"/>
    <property name="user.script" value=""/>
    <property name="sun.management.compiler" value="HotSpot 64-Bit Tiered Compilers"/>
    <property name="java.runtime.version" value="17.0.12+8-LTS-286"/>
    <property name="user.name" value="rames"/>
    <property name="path.separator" value=";"/>
    <property name="os.version" value="10.0"/>
    <property name="java.runtime.name" value="Java(TM) SE Runtime Environment"/>
    <property name="file.encoding" value="Cp1252"/>
    <property name="java.vm.name" value="Java HotSpot(TM) 64-Bit Server VM"/>
    <property name="localRepository" value="C:\Users\rames\.m2\repository"/>
    <property name="java.vendor.url.bug" value="https://bugreport.java.com/bugreport/"/>
    <property name="java.io.tmpdir" value="C:\Users\rames\AppData\Local\Temp\"/>
    <property name="java.version" value="17.0.12"/>
    <property name="user.dir" value="F:\Workspace\Assignments\core-utilities"/>
    <property name="os.arch" value="amd64"/>
    <property name="java.vm.specification.name" value="Java Virtual Machine Specification"/>
    <property name="sun.os.patch.level" value=""/>
    <property name="native.encoding" value="Cp1252"/>
    <property name="java.library.path" value="C:\Program Files\Java\jdk-17\bin;C:\WINDOWS\Sun\Java\bin;C:\WINDOWS\system32;C:\WINDOWS;C:\Program Files\Common Files\Oracle\Java\javapath;C:\windows\system32;C:\windows;C:\windows\System32\Wbem;C:\windows\System32\WindowsPowerShell\v1.0\;C:\windows\System32\OpenSSH\;C:\Program Files\Java\jdk-17\bin;C:\apache-maven-3.9.2\bin;C:\Program Files\dotnet\;C:\Program Files (x86)\dotnet\;C:\Program Files\HP\HP One Agent;C:\gradle-8.10.2\bin;C:\WINDOWS\system32;C:\WINDOWS;C:\WINDOWS\System32\Wbem;C:\WINDOWS\System32\WindowsPowerShell\v1.0\;C:\WINDOWS\System32\OpenSSH\;C:\Program Files\Git\cmd;C:\Users\rames\AppData\Local\Microsoft\WindowsApps;C:\Users\rames\AppData\Local\GitHubDesktop\bin;;."/>
    <property name="java.vm.info" value="mixed mode, sharing"/>
    <property name="java.vendor" value="Oracle Corporation"/>
    <property name="java.vm.version" value="17.0.12+8-LTS-286"/>
    <property name="sun.io.unicode.encoding" value="UnicodeLittle"/>
    <property name="java.class.version" value="61.0"/>
  </properties>
</testsuite>