<?xml version="1.0" encoding="UTF-8"?>
<!-- Generated by org.testng.reporters.JUnitReportReporter -->
<testsuite hostname="Babus-iMac.local" failures="0" tests="1" name="testcases.TC001_CreateLead" time="22.653" errors="0" timestamp="2024-12-01T17:23:12 IST" skipped="0">
  <testcase classname="testcases.TC001_CreateLead" name="runCreateLead" time="22.653"/>
  <system-out/>
</testsuite> <!-- testcases.TC001_CreateLead -->
