<?xml version="1.0" encoding="UTF-8"?>
<!-- Generated by org.testng.reporters.JUnitReportReporter -->
<testsuite hostname="Babus-iMac.local" failures="0" tests="1" name="testcases.TC002_EditLead" time="16.297" errors="0" timestamp="2024-11-30T16:03:39 IST" skipped="0">
  <testcase classname="testcases.TC002_EditLead" name="runEditLead" time="16.297"/>
  <system-out/>
</testsuite> <!-- testcases.TC002_EditLead -->
