<?xml version="1.0" encoding="UTF-8"?>
<!-- Generated by org.testng.reporters.JUnitReportReporter -->
<testsuite hostname="Babus-iMac.local" failures="0" tests="1" name="testcases.TC003_DuplicateLead" time="18.480" errors="0" timestamp="2024-11-30T16:03:39 IST" skipped="0">
  <testcase classname="testcases.TC003_DuplicateLead" name="runDuplicateLead" time="18.480"/>
  <system-out/>
</testsuite> <!-- testcases.TC003_DuplicateLead -->
