<?xml version="1.0" encoding="UTF-8"?>
<!-- Generated by org.testng.reporters.JUnitReportReporter -->
<testsuite hostname="Babus-iMac.local" failures="0" tests="2" name="testcases.TC_001_CreateLead" time="70.350" errors="0" timestamp="2024-11-28T15:20:20 IST" skipped="0">
  <testcase classname="testcases.TC_001_CreateLead" name="runCreateLead" time="15.965"/>
  <system-out/>
  <testcase classname="testcases.TC_001_CreateLead" name="runCreateLead" time="54.385"/>
  <system-out/>
</testsuite> <!-- testcases.TC_001_CreateLead -->
